Added Component: Designator=C1(CAPR5-4X5)
Added Component: Designator=C2(CAPR5-4X5)
Added Component: Designator=D1(3.2X1.6X1.1)
Added Component: Designator=D2(3.2X1.6X1.1)
Added Component: Designator=D3(3.2X1.6X1.1)
Added Component: Designator=D4(3.2X1.6X1.1)
Added Component: Designator=Driver Board Left1(HDR1X8)
Added Component: Designator=Driver Board Left2(HDR1X8)
Added Component: Designator=Driver Board Left3(HDR1X8)
Added Component: Designator=Driver Board Left4(HDR1X8)
Added Component: Designator=Driver Board Right1(HDR1X8)
Added Component: Designator=Driver Board Right2(HDR1X8)
Added Component: Designator=Driver Board Right3(HDR1X8)
Added Component: Designator=Driver Board Right4(HDR1X8)
Added Component: Designator=DSS Left1(HDR1X8)
Added Component: Designator=DSS Left2(HDR1X8)
Added Component: Designator=DSS Left3(HDR1X8)
Added Component: Designator=DSS Left4(HDR1X8)
Added Component: Designator=DSS Right1(HDR1X8)
Added Component: Designator=DSS Right2(HDR1X8)
Added Component: Designator=DSS Right3(HDR1X8)
Added Component: Designator=DSS Right4(HDR1X8)
Added Component: Designator=Power Jack(KLD-0202)
Added Component: Designator=R1(AXIAL-0.5)
Added Component: Designator=R2(AXIAL-0.5)
Added Component: Designator=R3(AXIAL-0.5)
Added Component: Designator=R4(AXIAL-0.5)
Added Component: Designator=Stepper Connections1(HDR1X4)
Added Component: Designator=Stepper Connections2(HDR1X4)
Added Component: Designator=Stepper Connections3(HDR1X4)
Added Component: Designator=Stepper Connections4(HDR1X4)
Added Component: Designator=Switching Regulator(HDR1X3)
Added Component: Designator=Teensy Left(HDR1X24)
Added Component: Designator=Teensy Right(HDR1X24)
Added Pin To Net: NetName=5V Pin=C2-1
Added Pin To Net: NetName=5V Pin=Switching Regulator-3
Added Net: Name=5V
Added Pin To Net: NetName=CS Pin=Teensy Left-12
Added Net: Name=CS
Added Pin To Net: NetName=DIR Pin=Teensy Left-6
Added Net: Name=DIR
Added Pin To Net: NetName=ENA Pin=Teensy Left-10
Added Net: Name=ENA
Added Pin To Net: NetName=GND Pin=C1-2
Added Pin To Net: NetName=GND Pin=C2-2
Added Pin To Net: NetName=GND Pin=Driver Board Right1-8
Added Pin To Net: NetName=GND Pin=Driver Board Right2-8
Added Pin To Net: NetName=GND Pin=Driver Board Right3-8
Added Pin To Net: NetName=GND Pin=Driver Board Right4-8
Added Pin To Net: NetName=GND Pin=Power Jack-2
Added Pin To Net: NetName=GND Pin=Power Jack-2A
Added Pin To Net: NetName=GND Pin=Power Jack-2B
Added Pin To Net: NetName=GND Pin=R1-1
Added Pin To Net: NetName=GND Pin=R2-1
Added Pin To Net: NetName=GND Pin=R3-1
Added Pin To Net: NetName=GND Pin=R4-1
Added Pin To Net: NetName=GND Pin=Switching Regulator-2
Added Net: Name=GND
Added Pin To Net: NetName=NetD1_2 Pin=D1-2
Added Pin To Net: NetName=NetD1_2 Pin=R1-2
Added Net: Name=NetD1_2
Added Pin To Net: NetName=NetD2_2 Pin=D2-2
Added Pin To Net: NetName=NetD2_2 Pin=R2-2
Added Net: Name=NetD2_2
Added Pin To Net: NetName=NetD3_2 Pin=D3-2
Added Pin To Net: NetName=NetD3_2 Pin=R3-2
Added Net: Name=NetD3_2
Added Pin To Net: NetName=NetD4_2 Pin=D4-2
Added Pin To Net: NetName=NetD4_2 Pin=R4-2
Added Net: Name=NetD4_2
Added Pin To Net: NetName=NetDriver Board Right1_3 Pin=Driver Board Right1-3
Added Pin To Net: NetName=NetDriver Board Right1_3 Pin=Stepper Connections1-1
Added Net: Name=NetDriver Board Right1_3
Added Pin To Net: NetName=NetDriver Board Right1_4 Pin=Driver Board Right1-4
Added Pin To Net: NetName=NetDriver Board Right1_4 Pin=Stepper Connections1-2
Added Net: Name=NetDriver Board Right1_4
Added Pin To Net: NetName=NetDriver Board Right1_5 Pin=Driver Board Right1-5
Added Pin To Net: NetName=NetDriver Board Right1_5 Pin=Stepper Connections1-3
Added Net: Name=NetDriver Board Right1_5
Added Pin To Net: NetName=NetDriver Board Right1_6 Pin=Driver Board Right1-6
Added Pin To Net: NetName=NetDriver Board Right1_6 Pin=Stepper Connections1-4
Added Net: Name=NetDriver Board Right1_6
Added Pin To Net: NetName=NetDriver Board Right2_3 Pin=Driver Board Right2-3
Added Pin To Net: NetName=NetDriver Board Right2_3 Pin=Stepper Connections2-1
Added Net: Name=NetDriver Board Right2_3
Added Pin To Net: NetName=NetDriver Board Right2_4 Pin=Driver Board Right2-4
Added Pin To Net: NetName=NetDriver Board Right2_4 Pin=Stepper Connections2-2
Added Net: Name=NetDriver Board Right2_4
Added Pin To Net: NetName=NetDriver Board Right2_5 Pin=Driver Board Right2-5
Added Pin To Net: NetName=NetDriver Board Right2_5 Pin=Stepper Connections2-3
Added Net: Name=NetDriver Board Right2_5
Added Pin To Net: NetName=NetDriver Board Right2_6 Pin=Driver Board Right2-6
Added Pin To Net: NetName=NetDriver Board Right2_6 Pin=Stepper Connections2-4
Added Net: Name=NetDriver Board Right2_6
Added Pin To Net: NetName=NetDriver Board Right3_3 Pin=Driver Board Right3-3
Added Pin To Net: NetName=NetDriver Board Right3_3 Pin=Stepper Connections3-1
Added Net: Name=NetDriver Board Right3_3
Added Pin To Net: NetName=NetDriver Board Right3_4 Pin=Driver Board Right3-4
Added Pin To Net: NetName=NetDriver Board Right3_4 Pin=Stepper Connections3-2
Added Net: Name=NetDriver Board Right3_4
Added Pin To Net: NetName=NetDriver Board Right3_5 Pin=Driver Board Right3-5
Added Pin To Net: NetName=NetDriver Board Right3_5 Pin=Stepper Connections3-3
Added Net: Name=NetDriver Board Right3_5
Added Pin To Net: NetName=NetDriver Board Right3_6 Pin=Driver Board Right3-6
Added Pin To Net: NetName=NetDriver Board Right3_6 Pin=Stepper Connections3-4
Added Net: Name=NetDriver Board Right3_6
Added Pin To Net: NetName=NetDriver Board Right4_3 Pin=Driver Board Right4-3
Added Pin To Net: NetName=NetDriver Board Right4_3 Pin=Stepper Connections4-1
Added Net: Name=NetDriver Board Right4_3
Added Pin To Net: NetName=NetDriver Board Right4_4 Pin=Driver Board Right4-4
Added Pin To Net: NetName=NetDriver Board Right4_4 Pin=Stepper Connections4-2
Added Net: Name=NetDriver Board Right4_4
Added Pin To Net: NetName=NetDriver Board Right4_5 Pin=Driver Board Right4-5
Added Pin To Net: NetName=NetDriver Board Right4_5 Pin=Stepper Connections4-3
Added Net: Name=NetDriver Board Right4_5
Added Pin To Net: NetName=NetDriver Board Right4_6 Pin=Driver Board Right4-6
Added Pin To Net: NetName=NetDriver Board Right4_6 Pin=Stepper Connections4-4
Added Net: Name=NetDriver Board Right4_6
Added Pin To Net: NetName=NetPower Jack_3 Pin=Power Jack-3
Added Pin To Net: NetName=NetPower Jack_3 Pin=Power Jack-3A
Added Pin To Net: NetName=NetPower Jack_3 Pin=Power Jack-3B
Added Net: Name=NetPower Jack_3
Added Pin To Net: NetName=RESET Pin=Driver Board Left1-5
Added Pin To Net: NetName=RESET Pin=Driver Board Left1-6
Added Pin To Net: NetName=RESET Pin=Driver Board Left2-5
Added Pin To Net: NetName=RESET Pin=Driver Board Left2-6
Added Pin To Net: NetName=RESET Pin=Driver Board Left3-5
Added Pin To Net: NetName=RESET Pin=Driver Board Left3-6
Added Pin To Net: NetName=RESET Pin=Driver Board Left4-5
Added Pin To Net: NetName=RESET Pin=Driver Board Left4-6
Added Net: Name=RESET
Added Pin To Net: NetName=SCK Pin=Teensy Right-14
Added Net: Name=SCK
Added Pin To Net: NetName=SDA Pin=Teensy Left-13
Added Net: Name=SDA
Added Pin To Net: NetName=STEP Pin=D1-1
Added Pin To Net: NetName=STEP Pin=D2-1
Added Pin To Net: NetName=STEP Pin=D3-1
Added Pin To Net: NetName=STEP Pin=D4-1
Added Pin To Net: NetName=STEP Pin=Driver Board Left1-7
Added Pin To Net: NetName=STEP Pin=Driver Board Left2-7
Added Pin To Net: NetName=STEP Pin=Driver Board Left3-7
Added Pin To Net: NetName=STEP Pin=Driver Board Left4-7
Added Pin To Net: NetName=STEP Pin=Teensy Left-5
Added Net: Name=STEP
Added Pin To Net: NetName=VMOT Pin=C1-1
Added Pin To Net: NetName=VMOT Pin=Power Jack-1
Added Pin To Net: NetName=VMOT Pin=Power Jack-1A
Added Pin To Net: NetName=VMOT Pin=Power Jack-1B
Added Pin To Net: NetName=VMOT Pin=Switching Regulator-1
Added Net: Name=VMOT
Added Class: Name=Sheet1
Added Room: Name=Sheet1
