Added Component: Designator=C1(CAPR5-4X5)
Added Component: Designator=C2(CAPR5-4X5)
Added Component: Designator=D1(3.2X1.6X1.1)
Added Component: Designator=D2(3.2X1.6X1.1)
Added Component: Designator=D3(3.2X1.6X1.1)
Added Component: Designator=D4(3.2X1.6X1.1)
Added Component: Designator=Driver L1(HDR1X8)
Added Component: Designator=Driver L2(HDR1X8)
Added Component: Designator=Driver L3(HDR1X8)
Added Component: Designator=Driver L4(HDR1X8)
Added Component: Designator=Driver R1(HDR1X8)
Added Component: Designator=Driver R2(HDR1X8)
Added Component: Designator=Driver R3(HDR1X8)
Added Component: Designator=Driver R4(HDR1X8)
Added Component: Designator=DSS L1(HDR1X8)
Added Component: Designator=DSS L2(HDR1X8)
Added Component: Designator=DSS L3(HDR1X8)
Added Component: Designator=DSS L4(HDR1X8)
Added Component: Designator=DSS R1(HDR1X8)
Added Component: Designator=DSS R2(HDR1X8)
Added Component: Designator=DSS R3(HDR1X8)
Added Component: Designator=DSS R4(HDR1X8)
Added Component: Designator=Motor 1(HDR1X4)
Added Component: Designator=Motor 2(HDR1X4)
Added Component: Designator=Motor 3(HDR1X4)
Added Component: Designator=Motor 4(HDR1X4)
Added Component: Designator=PWR Jack(KLD-0202)
Added Component: Designator=R1(AXIAL-0.5)
Added Component: Designator=R2(AXIAL-0.5)
Added Component: Designator=R3(AXIAL-0.5)
Added Component: Designator=R4(AXIAL-0.5)
Added Component: Designator=Sw Reg(HDR1X3)
Added Component: Designator=Teensy L(HDR1X24)
Added Component: Designator=Teensy R(HDR1X24)
Added Pin To Net: NetName=3V3 Pin=DSS L1-5
Added Pin To Net: NetName=3V3 Pin=DSS L2-5
Added Pin To Net: NetName=3V3 Pin=DSS L3-5
Added Pin To Net: NetName=3V3 Pin=DSS L4-5
Added Pin To Net: NetName=3V3 Pin=Teensy L-15
Added Pin To Net: NetName=3V3 Pin=Teensy R-3
Added Net: Name=3V3
Added Pin To Net: NetName=5V Pin=C2-1
Added Pin To Net: NetName=5V Pin=Driver R1-7
Added Pin To Net: NetName=5V Pin=Driver R2-7
Added Pin To Net: NetName=5V Pin=Driver R3-7
Added Pin To Net: NetName=5V Pin=Driver R4-7
Added Pin To Net: NetName=5V Pin=DSS L1-1
Added Pin To Net: NetName=5V Pin=DSS L1-2
Added Pin To Net: NetName=5V Pin=DSS L2-1
Added Pin To Net: NetName=5V Pin=DSS L2-2
Added Pin To Net: NetName=5V Pin=DSS L3-1
Added Pin To Net: NetName=5V Pin=DSS L3-2
Added Pin To Net: NetName=5V Pin=DSS L4-1
Added Pin To Net: NetName=5V Pin=DSS L4-2
Added Pin To Net: NetName=5V Pin=Sw Reg-3
Added Pin To Net: NetName=5V Pin=Teensy R-1
Added Net: Name=5V
Added Pin To Net: NetName=CS Pin=DSS L1-8
Added Pin To Net: NetName=CS Pin=DSS L2-8
Added Pin To Net: NetName=CS Pin=DSS L3-8
Added Pin To Net: NetName=CS Pin=DSS L4-8
Added Pin To Net: NetName=CS Pin=Teensy L-12
Added Net: Name=CS
Added Pin To Net: NetName=DIR Pin=Driver L1-8
Added Pin To Net: NetName=DIR Pin=Driver L2-8
Added Pin To Net: NetName=DIR Pin=Driver L3-8
Added Pin To Net: NetName=DIR Pin=Driver L4-8
Added Pin To Net: NetName=DIR Pin=Teensy L-6
Added Net: Name=DIR
Added Pin To Net: NetName=ENA Pin=Driver L1-1
Added Pin To Net: NetName=ENA Pin=Driver L2-1
Added Pin To Net: NetName=ENA Pin=Driver L3-1
Added Pin To Net: NetName=ENA Pin=Driver L4-1
Added Pin To Net: NetName=ENA Pin=Teensy L-10
Added Net: Name=ENA
Added Pin To Net: NetName=GND Pin=C1-2
Added Pin To Net: NetName=GND Pin=C2-2
Added Pin To Net: NetName=GND Pin=Driver R1-2
Added Pin To Net: NetName=GND Pin=Driver R1-8
Added Pin To Net: NetName=GND Pin=Driver R2-2
Added Pin To Net: NetName=GND Pin=Driver R2-8
Added Pin To Net: NetName=GND Pin=Driver R3-2
Added Pin To Net: NetName=GND Pin=Driver R3-8
Added Pin To Net: NetName=GND Pin=Driver R4-2
Added Pin To Net: NetName=GND Pin=Driver R4-8
Added Pin To Net: NetName=GND Pin=DSS L1-3
Added Pin To Net: NetName=GND Pin=DSS L1-4
Added Pin To Net: NetName=GND Pin=DSS L2-3
Added Pin To Net: NetName=GND Pin=DSS L2-4
Added Pin To Net: NetName=GND Pin=DSS L3-3
Added Pin To Net: NetName=GND Pin=DSS L3-4
Added Pin To Net: NetName=GND Pin=DSS L4-3
Added Pin To Net: NetName=GND Pin=DSS L4-4
Added Pin To Net: NetName=GND Pin=PWR Jack-2
Added Pin To Net: NetName=GND Pin=PWR Jack-2A
Added Pin To Net: NetName=GND Pin=PWR Jack-2B
Added Pin To Net: NetName=GND Pin=R1-1
Added Pin To Net: NetName=GND Pin=R2-1
Added Pin To Net: NetName=GND Pin=R3-1
Added Pin To Net: NetName=GND Pin=R4-1
Added Pin To Net: NetName=GND Pin=Sw Reg-2
Added Pin To Net: NetName=GND Pin=Teensy L-1
Added Pin To Net: NetName=GND Pin=Teensy R-2
Added Pin To Net: NetName=GND Pin=Teensy R-15
Added Net: Name=GND
Added Pin To Net: NetName=NetD1_1 Pin=D1-1
Added Pin To Net: NetName=NetD1_1 Pin=Driver L1-7
Added Net: Name=NetD1_1
Added Pin To Net: NetName=NetD2_1 Pin=D2-1
Added Pin To Net: NetName=NetD2_1 Pin=Driver L2-7
Added Net: Name=NetD2_1
Added Pin To Net: NetName=NetD3_1 Pin=D3-1
Added Pin To Net: NetName=NetD3_1 Pin=Driver L3-7
Added Net: Name=NetD3_1
Added Pin To Net: NetName=NetD4_1 Pin=D4-1
Added Pin To Net: NetName=NetD4_1 Pin=Driver L4-7
Added Net: Name=NetD4_1
Added Pin To Net: NetName=NetDriver R1_3 Pin=Driver R1-3
Added Pin To Net: NetName=NetDriver R1_3 Pin=Motor 1-1
Added Net: Name=NetDriver R1_3
Added Pin To Net: NetName=NetDriver R1_4 Pin=Driver R1-4
Added Pin To Net: NetName=NetDriver R1_4 Pin=Motor 1-2
Added Net: Name=NetDriver R1_4
Added Pin To Net: NetName=NetDriver R1_5 Pin=Driver R1-5
Added Pin To Net: NetName=NetDriver R1_5 Pin=Motor 1-3
Added Net: Name=NetDriver R1_5
Added Pin To Net: NetName=NetDriver R1_6 Pin=Driver R1-6
Added Pin To Net: NetName=NetDriver R1_6 Pin=Motor 1-4
Added Net: Name=NetDriver R1_6
Added Pin To Net: NetName=NetDriver R2_3 Pin=Driver R2-3
Added Pin To Net: NetName=NetDriver R2_3 Pin=Motor 2-1
Added Net: Name=NetDriver R2_3
Added Pin To Net: NetName=NetDriver R2_4 Pin=Driver R2-4
Added Pin To Net: NetName=NetDriver R2_4 Pin=Motor 2-2
Added Net: Name=NetDriver R2_4
Added Pin To Net: NetName=NetDriver R2_5 Pin=Driver R2-5
Added Pin To Net: NetName=NetDriver R2_5 Pin=Motor 2-3
Added Net: Name=NetDriver R2_5
Added Pin To Net: NetName=NetDriver R2_6 Pin=Driver R2-6
Added Pin To Net: NetName=NetDriver R2_6 Pin=Motor 2-4
Added Net: Name=NetDriver R2_6
Added Pin To Net: NetName=NetDriver R3_3 Pin=Driver R3-3
Added Pin To Net: NetName=NetDriver R3_3 Pin=Motor 3-1
Added Net: Name=NetDriver R3_3
Added Pin To Net: NetName=NetDriver R3_4 Pin=Driver R3-4
Added Pin To Net: NetName=NetDriver R3_4 Pin=Motor 3-2
Added Net: Name=NetDriver R3_4
Added Pin To Net: NetName=NetDriver R3_5 Pin=Driver R3-5
Added Pin To Net: NetName=NetDriver R3_5 Pin=Motor 3-3
Added Net: Name=NetDriver R3_5
Added Pin To Net: NetName=NetDriver R3_6 Pin=Driver R3-6
Added Pin To Net: NetName=NetDriver R3_6 Pin=Motor 3-4
Added Net: Name=NetDriver R3_6
Added Pin To Net: NetName=NetDriver R4_3 Pin=Driver R4-3
Added Pin To Net: NetName=NetDriver R4_3 Pin=Motor 4-1
Added Net: Name=NetDriver R4_3
Added Pin To Net: NetName=NetDriver R4_4 Pin=Driver R4-4
Added Pin To Net: NetName=NetDriver R4_4 Pin=Motor 4-2
Added Net: Name=NetDriver R4_4
Added Pin To Net: NetName=NetDriver R4_5 Pin=Driver R4-5
Added Pin To Net: NetName=NetDriver R4_5 Pin=Motor 4-3
Added Net: Name=NetDriver R4_5
Added Pin To Net: NetName=NetDriver R4_6 Pin=Driver R4-6
Added Pin To Net: NetName=NetDriver R4_6 Pin=Motor 4-4
Added Net: Name=NetDriver R4_6
Added Pin To Net: NetName=NetPWR Jack_3 Pin=PWR Jack-3
Added Pin To Net: NetName=NetPWR Jack_3 Pin=PWR Jack-3A
Added Pin To Net: NetName=NetPWR Jack_3 Pin=PWR Jack-3B
Added Net: Name=NetPWR Jack_3
Added Pin To Net: NetName=RESET Pin=Driver L1-5
Added Pin To Net: NetName=RESET Pin=Driver L1-6
Added Pin To Net: NetName=RESET Pin=Driver L2-5
Added Pin To Net: NetName=RESET Pin=Driver L2-6
Added Pin To Net: NetName=RESET Pin=Driver L3-5
Added Pin To Net: NetName=RESET Pin=Driver L3-6
Added Pin To Net: NetName=RESET Pin=Driver L4-5
Added Pin To Net: NetName=RESET Pin=Driver L4-6
Added Net: Name=RESET
Added Pin To Net: NetName=SCK Pin=DSS L1-7
Added Pin To Net: NetName=SCK Pin=DSS L2-7
Added Pin To Net: NetName=SCK Pin=DSS L3-7
Added Pin To Net: NetName=SCK Pin=DSS L4-7
Added Pin To Net: NetName=SCK Pin=Teensy R-14
Added Net: Name=SCK
Added Pin To Net: NetName=SDA Pin=DSS L1-6
Added Pin To Net: NetName=SDA Pin=DSS L2-6
Added Pin To Net: NetName=SDA Pin=DSS L3-6
Added Pin To Net: NetName=SDA Pin=DSS L4-6
Added Pin To Net: NetName=SDA Pin=Teensy L-13
Added Net: Name=SDA
Added Pin To Net: NetName=STEP1 Pin=D1-2
Added Pin To Net: NetName=STEP1 Pin=D4-2
Added Pin To Net: NetName=STEP1 Pin=DSS R1-1
Added Pin To Net: NetName=STEP1 Pin=DSS R4-1
Added Pin To Net: NetName=STEP1 Pin=R1-2
Added Pin To Net: NetName=STEP1 Pin=R4-2
Added Net: Name=STEP1
Added Pin To Net: NetName=STEP2 Pin=D2-2
Added Pin To Net: NetName=STEP2 Pin=DSS R2-1
Added Pin To Net: NetName=STEP2 Pin=R2-2
Added Net: Name=STEP2
Added Pin To Net: NetName=STEP3 Pin=D3-2
Added Pin To Net: NetName=STEP3 Pin=DSS R3-1
Added Pin To Net: NetName=STEP3 Pin=R3-2
Added Net: Name=STEP3
Added Pin To Net: NetName=VMOT Pin=C1-1
Added Pin To Net: NetName=VMOT Pin=Driver R1-1
Added Pin To Net: NetName=VMOT Pin=Driver R2-1
Added Pin To Net: NetName=VMOT Pin=Driver R3-1
Added Pin To Net: NetName=VMOT Pin=Driver R4-1
Added Pin To Net: NetName=VMOT Pin=PWR Jack-1
Added Pin To Net: NetName=VMOT Pin=PWR Jack-1A
Added Pin To Net: NetName=VMOT Pin=PWR Jack-1B
Added Pin To Net: NetName=VMOT Pin=Sw Reg-1
Added Net: Name=VMOT
Added Class: Name=Stepper Teensy Breakout
Added Room: Name=Stepper Teensy Breakout
